  main.cpp
C:\Program Files\hiredis\include\hiredis\sds.h(55,10): warning C4200: 비표준 확장이 사용됨: 구조체/공용 구조체의 배열 크기가 0입니다.
  (소스 파일 'main.cpp'을(를) 컴파일하는 중)
      C:\Program Files\hiredis\include\hiredis\sds.h(55,10):
      이 멤버는 기본값으로 설정된 생성자 또는 복사/이동 대입 연산자에서 무시됩니다.
  
C:\Program Files\hiredis\include\hiredis\sds.h(61,10): warning C4200: 비표준 확장이 사용됨: 구조체/공용 구조체의 배열 크기가 0입니다.
  (소스 파일 'main.cpp'을(를) 컴파일하는 중)
      C:\Program Files\hiredis\include\hiredis\sds.h(61,10):
      이 멤버는 기본값으로 설정된 생성자 또는 복사/이동 대입 연산자에서 무시됩니다.
  
C:\Program Files\hiredis\include\hiredis\sds.h(67,10): warning C4200: 비표준 확장이 사용됨: 구조체/공용 구조체의 배열 크기가 0입니다.
  (소스 파일 'main.cpp'을(를) 컴파일하는 중)
      C:\Program Files\hiredis\include\hiredis\sds.h(67,10):
      이 멤버는 기본값으로 설정된 생성자 또는 복사/이동 대입 연산자에서 무시됩니다.
  
C:\Program Files\hiredis\include\hiredis\sds.h(73,10): warning C4200: 비표준 확장이 사용됨: 구조체/공용 구조체의 배열 크기가 0입니다.
  (소스 파일 'main.cpp'을(를) 컴파일하는 중)
      C:\Program Files\hiredis\include\hiredis\sds.h(73,10):
      이 멤버는 기본값으로 설정된 생성자 또는 복사/이동 대입 연산자에서 무시됩니다.
  
C:\Program Files\hiredis\include\hiredis\sds.h(79,10): warning C4200: 비표준 확장이 사용됨: 구조체/공용 구조체의 배열 크기가 0입니다.
  (소스 파일 'main.cpp'을(를) 컴파일하는 중)
      C:\Program Files\hiredis\include\hiredis\sds.h(79,10):
      이 멤버는 기본값으로 설정된 생성자 또는 복사/이동 대입 연산자에서 무시됩니다.
  
  iocp_example_server.vcxproj -> C:\Users\User\Desktop\Code\iocp\iocp_example_server\x64\Debug\iocp_example_server.exe
