  ClientSession.cpp
C:\unity\iocp_chatting_server_practice\vcpkg\installed\x64-windows\include\absl\base\nullability.h(1,1): warning C4819: 현재 코드 페이지(949)에서 표시할 수 없는 문자가 파일에 들어 있습니다. 데이터가 손실되지 않게 하려면 해당 파일을 유니코드 형식으로 저장하십시오.
  (소스 파일 'ClientSession.cpp'을(를) 컴파일하는 중)
  
C:\Users\User\Desktop\Code\protobuf-main\src\google\protobuf\micro_string.h(84,25): warning C4267: '=': 'size_t'에서 'uint32_t'(으)로 변환하면서 데이터가 손실될 수 있습니다.
  (소스 파일 'ClientSession.cpp'을(를) 컴파일하는 중)
  
C:\Users\User\Desktop\Code\protobuf-main\src\google\protobuf\micro_string.h(89,20): warning C4267: '=': 'size_t'에서 'uint32_t'(으)로 변환하면서 데이터가 손실될 수 있습니다.
  (소스 파일 'ClientSession.cpp'을(를) 컴파일하는 중)
  
C:\Users\User\Desktop\Code\protobuf-main\src\google\protobuf\micro_string.h(97,14): warning C4267: '=': 'size_t'에서 'uint32_t'(으)로 변환하면서 데이터가 손실될 수 있습니다.
  (소스 파일 'ClientSession.cpp'을(를) 컴파일하는 중)
  
C:\Users\User\Desktop\Code\protobuf-main\src\google\protobuf\repeated_ptr_field.h(1962,32): warning C4267: '인수': 'size_t'에서 'int'(으)로 변환하면서 데이터가 손실될 수 있습니다.
  (소스 파일 'ClientSession.cpp'을(를) 컴파일하는 중)
  
C:\Users\User\Desktop\Code\protobuf-main\src\google\protobuf\repeated_ptr_field.h(1967,54): warning C4267: '인수': 'size_t'에서 'int'(으)로 변환하면서 데이터가 손실될 수 있습니다.
  (소스 파일 'ClientSession.cpp'을(를) 컴파일하는 중)
  
C:\Users\User\Desktop\Code\protobuf-main\src\google\protobuf\repeated_ptr_field.h(1971,54): warning C4267: '인수': 'size_t'에서 'int'(으)로 변환하면서 데이터가 손실될 수 있습니다.
  (소스 파일 'ClientSession.cpp'을(를) 컴파일하는 중)
  
C:\Users\User\Desktop\Code\protobuf-main\src\google\protobuf\map.h(678,22): warning C4267: 'return': 'size_t'에서 'google::protobuf::internal::map_index_t'(으)로 변환하면서 데이터가 손실될 수 있습니다.
  (소스 파일 'ClientSession.cpp'을(를) 컴파일하는 중)
  
C:\Users\User\Desktop\Code\protobuf-main\src\google\protobuf\map.h(681,49): warning C4267: 'return': 'size_t'에서 'google::protobuf::internal::map_index_t'(으)로 변환하면서 데이터가 손실될 수 있습니다.
  (소스 파일 'ClientSession.cpp'을(를) 컴파일하는 중)
  
C:\Users\User\Desktop\Code\protobuf-main\src\google\protobuf\map.h(685,16): warning C4244: '인수': 'uintptr_t'에서 'uint32_t'(으)로 변환하면서 데이터가 손실될 수 있습니다.
  (소스 파일 'ClientSession.cpp'을(를) 컴파일하는 중)
  
C:\Program Files\hiredis\include\hiredis\sds.h(55,10): warning C4200: 비표준 확장이 사용됨: 구조체/공용 구조체의 배열 크기가 0입니다.
  (소스 파일 'ClientSession.cpp'을(를) 컴파일하는 중)
      C:\Program Files\hiredis\include\hiredis\sds.h(55,10):
      이 멤버는 기본값으로 설정된 생성자 또는 복사/이동 대입 연산자에서 무시됩니다.
  
C:\Program Files\hiredis\include\hiredis\sds.h(61,10): warning C4200: 비표준 확장이 사용됨: 구조체/공용 구조체의 배열 크기가 0입니다.
  (소스 파일 'ClientSession.cpp'을(를) 컴파일하는 중)
      C:\Program Files\hiredis\include\hiredis\sds.h(61,10):
      이 멤버는 기본값으로 설정된 생성자 또는 복사/이동 대입 연산자에서 무시됩니다.
  
C:\Program Files\hiredis\include\hiredis\sds.h(67,10): warning C4200: 비표준 확장이 사용됨: 구조체/공용 구조체의 배열 크기가 0입니다.
  (소스 파일 'ClientSession.cpp'을(를) 컴파일하는 중)
      C:\Program Files\hiredis\include\hiredis\sds.h(67,10):
      이 멤버는 기본값으로 설정된 생성자 또는 복사/이동 대입 연산자에서 무시됩니다.
  
C:\Program Files\hiredis\include\hiredis\sds.h(73,10): warning C4200: 비표준 확장이 사용됨: 구조체/공용 구조체의 배열 크기가 0입니다.
  (소스 파일 'ClientSession.cpp'을(를) 컴파일하는 중)
      C:\Program Files\hiredis\include\hiredis\sds.h(73,10):
      이 멤버는 기본값으로 설정된 생성자 또는 복사/이동 대입 연산자에서 무시됩니다.
  
C:\Program Files\hiredis\include\hiredis\sds.h(79,10): warning C4200: 비표준 확장이 사용됨: 구조체/공용 구조체의 배열 크기가 0입니다.
  (소스 파일 'ClientSession.cpp'을(를) 컴파일하는 중)
      C:\Program Files\hiredis\include\hiredis\sds.h(79,10):
      이 멤버는 기본값으로 설정된 생성자 또는 복사/이동 대입 연산자에서 무시됩니다.
  
C:\unity\iocp_chatting_server_practice\vcpkg\installed\x64-windows\include\absl\log\internal\check_op.h(480,1): warning C4018: '>=': signed 또는 unsigned가 일치하지 않습니다.
  (소스 파일 'ClientSession.cpp'을(를) 컴파일하는 중)
      C:\unity\iocp_chatting_server_practice\vcpkg\installed\x64-windows\include\absl\log\internal\check_op.h(480,1):
      템플릿 인스턴스화 컨텍스트(가장 오래된 인스턴스화 컨텍스트)가
          C:\Users\User\Desktop\Code\protobuf-main\src\google\protobuf\micro_string.h(78,7):
          컴파일되는 함수 템플릿 인스턴스화 'const char *absl::lts_20250814::log_internal::Check_GEImpl<unsigned int,T>(const T1 &,const T2 &,const char *)'에 대한 참조를 확인하세요.
          with
          [
              T=google::protobuf::internal::MicroString::LargeRepKind,
              T1=unsigned int,
              T2=google::protobuf::internal::MicroString::LargeRepKind
          ]
  
  Command.cpp
C:\unity\iocp_chatting_server_practice\vcpkg\installed\x64-windows\include\absl\base\nullability.h(1,1): warning C4819: 현재 코드 페이지(949)에서 표시할 수 없는 문자가 파일에 들어 있습니다. 데이터가 손실되지 않게 하려면 해당 파일을 유니코드 형식으로 저장하십시오.
  (소스 파일 'Command.cpp'을(를) 컴파일하는 중)
  
C:\Users\User\Desktop\Code\protobuf-main\src\google\protobuf\micro_string.h(84,25): warning C4267: '=': 'size_t'에서 'uint32_t'(으)로 변환하면서 데이터가 손실될 수 있습니다.
  (소스 파일 'Command.cpp'을(를) 컴파일하는 중)
  
C:\Users\User\Desktop\Code\protobuf-main\src\google\protobuf\micro_string.h(89,20): warning C4267: '=': 'size_t'에서 'uint32_t'(으)로 변환하면서 데이터가 손실될 수 있습니다.
  (소스 파일 'Command.cpp'을(를) 컴파일하는 중)
  
C:\Users\User\Desktop\Code\protobuf-main\src\google\protobuf\micro_string.h(97,14): warning C4267: '=': 'size_t'에서 'uint32_t'(으)로 변환하면서 데이터가 손실될 수 있습니다.
  (소스 파일 'Command.cpp'을(를) 컴파일하는 중)
  
C:\Users\User\Desktop\Code\protobuf-main\src\google\protobuf\repeated_ptr_field.h(1962,32): warning C4267: '인수': 'size_t'에서 'int'(으)로 변환하면서 데이터가 손실될 수 있습니다.
  (소스 파일 'Command.cpp'을(를) 컴파일하는 중)
  
C:\Users\User\Desktop\Code\protobuf-main\src\google\protobuf\repeated_ptr_field.h(1967,54): warning C4267: '인수': 'size_t'에서 'int'(으)로 변환하면서 데이터가 손실될 수 있습니다.
  (소스 파일 'Command.cpp'을(를) 컴파일하는 중)
  
C:\Users\User\Desktop\Code\protobuf-main\src\google\protobuf\repeated_ptr_field.h(1971,54): warning C4267: '인수': 'size_t'에서 'int'(으)로 변환하면서 데이터가 손실될 수 있습니다.
  (소스 파일 'Command.cpp'을(를) 컴파일하는 중)
  
C:\Users\User\Desktop\Code\protobuf-main\src\google\protobuf\map.h(678,22): warning C4267: 'return': 'size_t'에서 'google::protobuf::internal::map_index_t'(으)로 변환하면서 데이터가 손실될 수 있습니다.
  (소스 파일 'Command.cpp'을(를) 컴파일하는 중)
  
C:\Users\User\Desktop\Code\protobuf-main\src\google\protobuf\map.h(681,49): warning C4267: 'return': 'size_t'에서 'google::protobuf::internal::map_index_t'(으)로 변환하면서 데이터가 손실될 수 있습니다.
  (소스 파일 'Command.cpp'을(를) 컴파일하는 중)
  
C:\Users\User\Desktop\Code\protobuf-main\src\google\protobuf\map.h(685,16): warning C4244: '인수': 'uintptr_t'에서 'uint32_t'(으)로 변환하면서 데이터가 손실될 수 있습니다.
  (소스 파일 'Command.cpp'을(를) 컴파일하는 중)
  
C:\Program Files\hiredis\include\hiredis\sds.h(55,10): warning C4200: 비표준 확장이 사용됨: 구조체/공용 구조체의 배열 크기가 0입니다.
  (소스 파일 'Command.cpp'을(를) 컴파일하는 중)
      C:\Program Files\hiredis\include\hiredis\sds.h(55,10):
      이 멤버는 기본값으로 설정된 생성자 또는 복사/이동 대입 연산자에서 무시됩니다.
  
C:\Program Files\hiredis\include\hiredis\sds.h(61,10): warning C4200: 비표준 확장이 사용됨: 구조체/공용 구조체의 배열 크기가 0입니다.
  (소스 파일 'Command.cpp'을(를) 컴파일하는 중)
      C:\Program Files\hiredis\include\hiredis\sds.h(61,10):
      이 멤버는 기본값으로 설정된 생성자 또는 복사/이동 대입 연산자에서 무시됩니다.
  
C:\Program Files\hiredis\include\hiredis\sds.h(67,10): warning C4200: 비표준 확장이 사용됨: 구조체/공용 구조체의 배열 크기가 0입니다.
  (소스 파일 'Command.cpp'을(를) 컴파일하는 중)
      C:\Program Files\hiredis\include\hiredis\sds.h(67,10):
      이 멤버는 기본값으로 설정된 생성자 또는 복사/이동 대입 연산자에서 무시됩니다.
  
C:\Program Files\hiredis\include\hiredis\sds.h(73,10): warning C4200: 비표준 확장이 사용됨: 구조체/공용 구조체의 배열 크기가 0입니다.
  (소스 파일 'Command.cpp'을(를) 컴파일하는 중)
      C:\Program Files\hiredis\include\hiredis\sds.h(73,10):
      이 멤버는 기본값으로 설정된 생성자 또는 복사/이동 대입 연산자에서 무시됩니다.
  
C:\Program Files\hiredis\include\hiredis\sds.h(79,10): warning C4200: 비표준 확장이 사용됨: 구조체/공용 구조체의 배열 크기가 0입니다.
  (소스 파일 'Command.cpp'을(를) 컴파일하는 중)
      C:\Program Files\hiredis\include\hiredis\sds.h(79,10):
      이 멤버는 기본값으로 설정된 생성자 또는 복사/이동 대입 연산자에서 무시됩니다.
  
C:\unity\iocp_chatting_server_practice\vcpkg\installed\x64-windows\include\absl\log\internal\check_op.h(480,1): warning C4018: '>=': signed 또는 unsigned가 일치하지 않습니다.
  (소스 파일 'Command.cpp'을(를) 컴파일하는 중)
      C:\unity\iocp_chatting_server_practice\vcpkg\installed\x64-windows\include\absl\log\internal\check_op.h(480,1):
      템플릿 인스턴스화 컨텍스트(가장 오래된 인스턴스화 컨텍스트)가
          C:\Users\User\Desktop\Code\protobuf-main\src\google\protobuf\micro_string.h(78,7):
          컴파일되는 함수 템플릿 인스턴스화 'const char *absl::lts_20250814::log_internal::Check_GEImpl<unsigned int,T>(const T1 &,const T2 &,const char *)'에 대한 참조를 확인하세요.
          with
          [
              T=google::protobuf::internal::MicroString::LargeRepKind,
              T1=unsigned int,
              T2=google::protobuf::internal::MicroString::LargeRepKind
          ]
  
  GameLogic.cpp
C:\unity\iocp_chatting_server_practice\vcpkg\installed\x64-windows\include\absl\base\nullability.h(1,1): warning C4819: 현재 코드 페이지(949)에서 표시할 수 없는 문자가 파일에 들어 있습니다. 데이터가 손실되지 않게 하려면 해당 파일을 유니코드 형식으로 저장하십시오.
  (소스 파일 'GameLogic.cpp'을(를) 컴파일하는 중)
  
C:\Users\User\Desktop\Code\protobuf-main\src\google\protobuf\micro_string.h(84,25): warning C4267: '=': 'size_t'에서 'uint32_t'(으)로 변환하면서 데이터가 손실될 수 있습니다.
  (소스 파일 'GameLogic.cpp'을(를) 컴파일하는 중)
  
C:\Users\User\Desktop\Code\protobuf-main\src\google\protobuf\micro_string.h(89,20): warning C4267: '=': 'size_t'에서 'uint32_t'(으)로 변환하면서 데이터가 손실될 수 있습니다.
  (소스 파일 'GameLogic.cpp'을(를) 컴파일하는 중)
  
C:\Users\User\Desktop\Code\protobuf-main\src\google\protobuf\micro_string.h(97,14): warning C4267: '=': 'size_t'에서 'uint32_t'(으)로 변환하면서 데이터가 손실될 수 있습니다.
  (소스 파일 'GameLogic.cpp'을(를) 컴파일하는 중)
  
C:\Users\User\Desktop\Code\protobuf-main\src\google\protobuf\repeated_ptr_field.h(1962,32): warning C4267: '인수': 'size_t'에서 'int'(으)로 변환하면서 데이터가 손실될 수 있습니다.
  (소스 파일 'GameLogic.cpp'을(를) 컴파일하는 중)
  
C:\Users\User\Desktop\Code\protobuf-main\src\google\protobuf\repeated_ptr_field.h(1967,54): warning C4267: '인수': 'size_t'에서 'int'(으)로 변환하면서 데이터가 손실될 수 있습니다.
  (소스 파일 'GameLogic.cpp'을(를) 컴파일하는 중)
  
C:\Users\User\Desktop\Code\protobuf-main\src\google\protobuf\repeated_ptr_field.h(1971,54): warning C4267: '인수': 'size_t'에서 'int'(으)로 변환하면서 데이터가 손실될 수 있습니다.
  (소스 파일 'GameLogic.cpp'을(를) 컴파일하는 중)
  
C:\Users\User\Desktop\Code\protobuf-main\src\google\protobuf\map.h(678,22): warning C4267: 'return': 'size_t'에서 'google::protobuf::internal::map_index_t'(으)로 변환하면서 데이터가 손실될 수 있습니다.
  (소스 파일 'GameLogic.cpp'을(를) 컴파일하는 중)
  
C:\Users\User\Desktop\Code\protobuf-main\src\google\protobuf\map.h(681,49): warning C4267: 'return': 'size_t'에서 'google::protobuf::internal::map_index_t'(으)로 변환하면서 데이터가 손실될 수 있습니다.
  (소스 파일 'GameLogic.cpp'을(를) 컴파일하는 중)
  
C:\Users\User\Desktop\Code\protobuf-main\src\google\protobuf\map.h(685,16): warning C4244: '인수': 'uintptr_t'에서 'uint32_t'(으)로 변환하면서 데이터가 손실될 수 있습니다.
  (소스 파일 'GameLogic.cpp'을(를) 컴파일하는 중)
  
C:\Program Files\hiredis\include\hiredis\sds.h(55,10): warning C4200: 비표준 확장이 사용됨: 구조체/공용 구조체의 배열 크기가 0입니다.
  (소스 파일 'GameLogic.cpp'을(를) 컴파일하는 중)
      C:\Program Files\hiredis\include\hiredis\sds.h(55,10):
      이 멤버는 기본값으로 설정된 생성자 또는 복사/이동 대입 연산자에서 무시됩니다.
  
C:\Program Files\hiredis\include\hiredis\sds.h(61,10): warning C4200: 비표준 확장이 사용됨: 구조체/공용 구조체의 배열 크기가 0입니다.
  (소스 파일 'GameLogic.cpp'을(를) 컴파일하는 중)
      C:\Program Files\hiredis\include\hiredis\sds.h(61,10):
      이 멤버는 기본값으로 설정된 생성자 또는 복사/이동 대입 연산자에서 무시됩니다.
  
C:\Program Files\hiredis\include\hiredis\sds.h(67,10): warning C4200: 비표준 확장이 사용됨: 구조체/공용 구조체의 배열 크기가 0입니다.
  (소스 파일 'GameLogic.cpp'을(를) 컴파일하는 중)
      C:\Program Files\hiredis\include\hiredis\sds.h(67,10):
      이 멤버는 기본값으로 설정된 생성자 또는 복사/이동 대입 연산자에서 무시됩니다.
  
C:\Program Files\hiredis\include\hiredis\sds.h(73,10): warning C4200: 비표준 확장이 사용됨: 구조체/공용 구조체의 배열 크기가 0입니다.
  (소스 파일 'GameLogic.cpp'을(를) 컴파일하는 중)
      C:\Program Files\hiredis\include\hiredis\sds.h(73,10):
      이 멤버는 기본값으로 설정된 생성자 또는 복사/이동 대입 연산자에서 무시됩니다.
  
C:\Program Files\hiredis\include\hiredis\sds.h(79,10): warning C4200: 비표준 확장이 사용됨: 구조체/공용 구조체의 배열 크기가 0입니다.
  (소스 파일 'GameLogic.cpp'을(를) 컴파일하는 중)
      C:\Program Files\hiredis\include\hiredis\sds.h(79,10):
      이 멤버는 기본값으로 설정된 생성자 또는 복사/이동 대입 연산자에서 무시됩니다.
  
C:\unity\iocp_chatting_server_practice\server\GameLogic.cpp(35,49): warning C4244: '인수': 'const float'에서 'uint32_t'(으)로 변환하면서 데이터가 손실될 수 있습니다.
C:\unity\iocp_chatting_server_practice\vcpkg\installed\x64-windows\include\absl\log\internal\check_op.h(480,1): warning C4018: '>=': signed 또는 unsigned가 일치하지 않습니다.
  (소스 파일 'GameLogic.cpp'을(를) 컴파일하는 중)
      C:\unity\iocp_chatting_server_practice\vcpkg\installed\x64-windows\include\absl\log\internal\check_op.h(480,1):
      템플릿 인스턴스화 컨텍스트(가장 오래된 인스턴스화 컨텍스트)가
          C:\Users\User\Desktop\Code\protobuf-main\src\google\protobuf\micro_string.h(78,7):
          컴파일되는 함수 템플릿 인스턴스화 'const char *absl::lts_20250814::log_internal::Check_GEImpl<unsigned int,T>(const T1 &,const T2 &,const char *)'에 대한 참조를 확인하세요.
          with
          [
              T=google::protobuf::internal::MicroString::LargeRepKind,
              T1=unsigned int,
              T2=google::protobuf::internal::MicroString::LargeRepKind
          ]
  
  GameRoom.cpp
C:\unity\iocp_chatting_server_practice\vcpkg\installed\x64-windows\include\absl\base\nullability.h(1,1): warning C4819: 현재 코드 페이지(949)에서 표시할 수 없는 문자가 파일에 들어 있습니다. 데이터가 손실되지 않게 하려면 해당 파일을 유니코드 형식으로 저장하십시오.
  (소스 파일 'GameRoom.cpp'을(를) 컴파일하는 중)
  
C:\Users\User\Desktop\Code\protobuf-main\src\google\protobuf\micro_string.h(84,25): warning C4267: '=': 'size_t'에서 'uint32_t'(으)로 변환하면서 데이터가 손실될 수 있습니다.
  (소스 파일 'GameRoom.cpp'을(를) 컴파일하는 중)
  
C:\Users\User\Desktop\Code\protobuf-main\src\google\protobuf\micro_string.h(89,20): warning C4267: '=': 'size_t'에서 'uint32_t'(으)로 변환하면서 데이터가 손실될 수 있습니다.
  (소스 파일 'GameRoom.cpp'을(를) 컴파일하는 중)
  
C:\Users\User\Desktop\Code\protobuf-main\src\google\protobuf\micro_string.h(97,14): warning C4267: '=': 'size_t'에서 'uint32_t'(으)로 변환하면서 데이터가 손실될 수 있습니다.
  (소스 파일 'GameRoom.cpp'을(를) 컴파일하는 중)
  
C:\Users\User\Desktop\Code\protobuf-main\src\google\protobuf\repeated_ptr_field.h(1962,32): warning C4267: '인수': 'size_t'에서 'int'(으)로 변환하면서 데이터가 손실될 수 있습니다.
  (소스 파일 'GameRoom.cpp'을(를) 컴파일하는 중)
  
C:\Users\User\Desktop\Code\protobuf-main\src\google\protobuf\repeated_ptr_field.h(1967,54): warning C4267: '인수': 'size_t'에서 'int'(으)로 변환하면서 데이터가 손실될 수 있습니다.
  (소스 파일 'GameRoom.cpp'을(를) 컴파일하는 중)
  
C:\Users\User\Desktop\Code\protobuf-main\src\google\protobuf\repeated_ptr_field.h(1971,54): warning C4267: '인수': 'size_t'에서 'int'(으)로 변환하면서 데이터가 손실될 수 있습니다.
  (소스 파일 'GameRoom.cpp'을(를) 컴파일하는 중)
  
C:\Users\User\Desktop\Code\protobuf-main\src\google\protobuf\map.h(678,22): warning C4267: 'return': 'size_t'에서 'google::protobuf::internal::map_index_t'(으)로 변환하면서 데이터가 손실될 수 있습니다.
  (소스 파일 'GameRoom.cpp'을(를) 컴파일하는 중)
  
C:\Users\User\Desktop\Code\protobuf-main\src\google\protobuf\map.h(681,49): warning C4267: 'return': 'size_t'에서 'google::protobuf::internal::map_index_t'(으)로 변환하면서 데이터가 손실될 수 있습니다.
  (소스 파일 'GameRoom.cpp'을(를) 컴파일하는 중)
  
C:\Users\User\Desktop\Code\protobuf-main\src\google\protobuf\map.h(685,16): warning C4244: '인수': 'uintptr_t'에서 'uint32_t'(으)로 변환하면서 데이터가 손실될 수 있습니다.
  (소스 파일 'GameRoom.cpp'을(를) 컴파일하는 중)
  
C:\Program Files\hiredis\include\hiredis\sds.h(55,10): warning C4200: 비표준 확장이 사용됨: 구조체/공용 구조체의 배열 크기가 0입니다.
  (소스 파일 'GameRoom.cpp'을(를) 컴파일하는 중)
      C:\Program Files\hiredis\include\hiredis\sds.h(55,10):
      이 멤버는 기본값으로 설정된 생성자 또는 복사/이동 대입 연산자에서 무시됩니다.
  
C:\Program Files\hiredis\include\hiredis\sds.h(61,10): warning C4200: 비표준 확장이 사용됨: 구조체/공용 구조체의 배열 크기가 0입니다.
  (소스 파일 'GameRoom.cpp'을(를) 컴파일하는 중)
      C:\Program Files\hiredis\include\hiredis\sds.h(61,10):
      이 멤버는 기본값으로 설정된 생성자 또는 복사/이동 대입 연산자에서 무시됩니다.
  
C:\Program Files\hiredis\include\hiredis\sds.h(67,10): warning C4200: 비표준 확장이 사용됨: 구조체/공용 구조체의 배열 크기가 0입니다.
  (소스 파일 'GameRoom.cpp'을(를) 컴파일하는 중)
      C:\Program Files\hiredis\include\hiredis\sds.h(67,10):
      이 멤버는 기본값으로 설정된 생성자 또는 복사/이동 대입 연산자에서 무시됩니다.
  
C:\Program Files\hiredis\include\hiredis\sds.h(73,10): warning C4200: 비표준 확장이 사용됨: 구조체/공용 구조체의 배열 크기가 0입니다.
  (소스 파일 'GameRoom.cpp'을(를) 컴파일하는 중)
      C:\Program Files\hiredis\include\hiredis\sds.h(73,10):
      이 멤버는 기본값으로 설정된 생성자 또는 복사/이동 대입 연산자에서 무시됩니다.
  
C:\Program Files\hiredis\include\hiredis\sds.h(79,10): warning C4200: 비표준 확장이 사용됨: 구조체/공용 구조체의 배열 크기가 0입니다.
  (소스 파일 'GameRoom.cpp'을(를) 컴파일하는 중)
      C:\Program Files\hiredis\include\hiredis\sds.h(79,10):
      이 멤버는 기본값으로 설정된 생성자 또는 복사/이동 대입 연산자에서 무시됩니다.
  
C:\unity\iocp_chatting_server_practice\vcpkg\installed\x64-windows\include\absl\log\internal\check_op.h(480,1): warning C4018: '>=': signed 또는 unsigned가 일치하지 않습니다.
  (소스 파일 'GameRoom.cpp'을(를) 컴파일하는 중)
      C:\unity\iocp_chatting_server_practice\vcpkg\installed\x64-windows\include\absl\log\internal\check_op.h(480,1):
      템플릿 인스턴스화 컨텍스트(가장 오래된 인스턴스화 컨텍스트)가
          C:\Users\User\Desktop\Code\protobuf-main\src\google\protobuf\micro_string.h(78,7):
          컴파일되는 함수 템플릿 인스턴스화 'const char *absl::lts_20250814::log_internal::Check_GEImpl<unsigned int,T>(const T1 &,const T2 &,const char *)'에 대한 참조를 확인하세요.
          with
          [
              T=google::protobuf::internal::MicroString::LargeRepKind,
              T1=unsigned int,
              T2=google::protobuf::internal::MicroString::LargeRepKind
          ]
  
  IOCPWorker.cpp
C:\unity\iocp_chatting_server_practice\vcpkg\installed\x64-windows\include\absl\base\nullability.h(1,1): warning C4819: 현재 코드 페이지(949)에서 표시할 수 없는 문자가 파일에 들어 있습니다. 데이터가 손실되지 않게 하려면 해당 파일을 유니코드 형식으로 저장하십시오.
  (소스 파일 'IOCPWorker.cpp'을(를) 컴파일하는 중)
  
C:\Users\User\Desktop\Code\protobuf-main\src\google\protobuf\micro_string.h(84,25): warning C4267: '=': 'size_t'에서 'uint32_t'(으)로 변환하면서 데이터가 손실될 수 있습니다.
  (소스 파일 'IOCPWorker.cpp'을(를) 컴파일하는 중)
  
C:\Users\User\Desktop\Code\protobuf-main\src\google\protobuf\micro_string.h(89,20): warning C4267: '=': 'size_t'에서 'uint32_t'(으)로 변환하면서 데이터가 손실될 수 있습니다.
  (소스 파일 'IOCPWorker.cpp'을(를) 컴파일하는 중)
  
C:\Users\User\Desktop\Code\protobuf-main\src\google\protobuf\micro_string.h(97,14): warning C4267: '=': 'size_t'에서 'uint32_t'(으)로 변환하면서 데이터가 손실될 수 있습니다.
  (소스 파일 'IOCPWorker.cpp'을(를) 컴파일하는 중)
  
C:\Users\User\Desktop\Code\protobuf-main\src\google\protobuf\repeated_ptr_field.h(1962,32): warning C4267: '인수': 'size_t'에서 'int'(으)로 변환하면서 데이터가 손실될 수 있습니다.
  (소스 파일 'IOCPWorker.cpp'을(를) 컴파일하는 중)
  
C:\Users\User\Desktop\Code\protobuf-main\src\google\protobuf\repeated_ptr_field.h(1967,54): warning C4267: '인수': 'size_t'에서 'int'(으)로 변환하면서 데이터가 손실될 수 있습니다.
  (소스 파일 'IOCPWorker.cpp'을(를) 컴파일하는 중)
  
C:\Users\User\Desktop\Code\protobuf-main\src\google\protobuf\repeated_ptr_field.h(1971,54): warning C4267: '인수': 'size_t'에서 'int'(으)로 변환하면서 데이터가 손실될 수 있습니다.
  (소스 파일 'IOCPWorker.cpp'을(를) 컴파일하는 중)
  
C:\Users\User\Desktop\Code\protobuf-main\src\google\protobuf\map.h(678,22): warning C4267: 'return': 'size_t'에서 'google::protobuf::internal::map_index_t'(으)로 변환하면서 데이터가 손실될 수 있습니다.
  (소스 파일 'IOCPWorker.cpp'을(를) 컴파일하는 중)
  
C:\Users\User\Desktop\Code\protobuf-main\src\google\protobuf\map.h(681,49): warning C4267: 'return': 'size_t'에서 'google::protobuf::internal::map_index_t'(으)로 변환하면서 데이터가 손실될 수 있습니다.
  (소스 파일 'IOCPWorker.cpp'을(를) 컴파일하는 중)
  
C:\Users\User\Desktop\Code\protobuf-main\src\google\protobuf\map.h(685,16): warning C4244: '인수': 'uintptr_t'에서 'uint32_t'(으)로 변환하면서 데이터가 손실될 수 있습니다.
  (소스 파일 'IOCPWorker.cpp'을(를) 컴파일하는 중)
  
C:\Program Files\hiredis\include\hiredis\sds.h(55,10): warning C4200: 비표준 확장이 사용됨: 구조체/공용 구조체의 배열 크기가 0입니다.
  (소스 파일 'IOCPWorker.cpp'을(를) 컴파일하는 중)
      C:\Program Files\hiredis\include\hiredis\sds.h(55,10):
      이 멤버는 기본값으로 설정된 생성자 또는 복사/이동 대입 연산자에서 무시됩니다.
  
C:\Program Files\hiredis\include\hiredis\sds.h(61,10): warning C4200: 비표준 확장이 사용됨: 구조체/공용 구조체의 배열 크기가 0입니다.
  (소스 파일 'IOCPWorker.cpp'을(를) 컴파일하는 중)
      C:\Program Files\hiredis\include\hiredis\sds.h(61,10):
      이 멤버는 기본값으로 설정된 생성자 또는 복사/이동 대입 연산자에서 무시됩니다.
  
C:\Program Files\hiredis\include\hiredis\sds.h(67,10): warning C4200: 비표준 확장이 사용됨: 구조체/공용 구조체의 배열 크기가 0입니다.
  (소스 파일 'IOCPWorker.cpp'을(를) 컴파일하는 중)
      C:\Program Files\hiredis\include\hiredis\sds.h(67,10):
      이 멤버는 기본값으로 설정된 생성자 또는 복사/이동 대입 연산자에서 무시됩니다.
  
C:\Program Files\hiredis\include\hiredis\sds.h(73,10): warning C4200: 비표준 확장이 사용됨: 구조체/공용 구조체의 배열 크기가 0입니다.
  (소스 파일 'IOCPWorker.cpp'을(를) 컴파일하는 중)
      C:\Program Files\hiredis\include\hiredis\sds.h(73,10):
      이 멤버는 기본값으로 설정된 생성자 또는 복사/이동 대입 연산자에서 무시됩니다.
  
C:\Program Files\hiredis\include\hiredis\sds.h(79,10): warning C4200: 비표준 확장이 사용됨: 구조체/공용 구조체의 배열 크기가 0입니다.
  (소스 파일 'IOCPWorker.cpp'을(를) 컴파일하는 중)
      C:\Program Files\hiredis\include\hiredis\sds.h(79,10):
      이 멤버는 기본값으로 설정된 생성자 또는 복사/이동 대입 연산자에서 무시됩니다.
  
C:\unity\iocp_chatting_server_practice\vcpkg\installed\x64-windows\include\absl\log\internal\check_op.h(480,1): warning C4018: '>=': signed 또는 unsigned가 일치하지 않습니다.
  (소스 파일 'IOCPWorker.cpp'을(를) 컴파일하는 중)
      C:\unity\iocp_chatting_server_practice\vcpkg\installed\x64-windows\include\absl\log\internal\check_op.h(480,1):
      템플릿 인스턴스화 컨텍스트(가장 오래된 인스턴스화 컨텍스트)가
          C:\Users\User\Desktop\Code\protobuf-main\src\google\protobuf\micro_string.h(78,7):
          컴파일되는 함수 템플릿 인스턴스화 'const char *absl::lts_20250814::log_internal::Check_GEImpl<unsigned int,T>(const T1 &,const T2 &,const char *)'에 대한 참조를 확인하세요.
          with
          [
              T=google::protobuf::internal::MicroString::LargeRepKind,
              T1=unsigned int,
              T2=google::protobuf::internal::MicroString::LargeRepKind
          ]
  
  main.cpp
C:\unity\iocp_chatting_server_practice\vcpkg\installed\x64-windows\include\absl\base\nullability.h(1,1): warning C4819: 현재 코드 페이지(949)에서 표시할 수 없는 문자가 파일에 들어 있습니다. 데이터가 손실되지 않게 하려면 해당 파일을 유니코드 형식으로 저장하십시오.
  (소스 파일 'main.cpp'을(를) 컴파일하는 중)
  
C:\Users\User\Desktop\Code\protobuf-main\src\google\protobuf\micro_string.h(84,25): warning C4267: '=': 'size_t'에서 'uint32_t'(으)로 변환하면서 데이터가 손실될 수 있습니다.
  (소스 파일 'main.cpp'을(를) 컴파일하는 중)
  
C:\Users\User\Desktop\Code\protobuf-main\src\google\protobuf\micro_string.h(89,20): warning C4267: '=': 'size_t'에서 'uint32_t'(으)로 변환하면서 데이터가 손실될 수 있습니다.
  (소스 파일 'main.cpp'을(를) 컴파일하는 중)
  
C:\Users\User\Desktop\Code\protobuf-main\src\google\protobuf\micro_string.h(97,14): warning C4267: '=': 'size_t'에서 'uint32_t'(으)로 변환하면서 데이터가 손실될 수 있습니다.
  (소스 파일 'main.cpp'을(를) 컴파일하는 중)
  
C:\Users\User\Desktop\Code\protobuf-main\src\google\protobuf\repeated_ptr_field.h(1962,32): warning C4267: '인수': 'size_t'에서 'int'(으)로 변환하면서 데이터가 손실될 수 있습니다.
  (소스 파일 'main.cpp'을(를) 컴파일하는 중)
  
C:\Users\User\Desktop\Code\protobuf-main\src\google\protobuf\repeated_ptr_field.h(1967,54): warning C4267: '인수': 'size_t'에서 'int'(으)로 변환하면서 데이터가 손실될 수 있습니다.
  (소스 파일 'main.cpp'을(를) 컴파일하는 중)
  
C:\Users\User\Desktop\Code\protobuf-main\src\google\protobuf\repeated_ptr_field.h(1971,54): warning C4267: '인수': 'size_t'에서 'int'(으)로 변환하면서 데이터가 손실될 수 있습니다.
  (소스 파일 'main.cpp'을(를) 컴파일하는 중)
  
C:\Users\User\Desktop\Code\protobuf-main\src\google\protobuf\map.h(678,22): warning C4267: 'return': 'size_t'에서 'google::protobuf::internal::map_index_t'(으)로 변환하면서 데이터가 손실될 수 있습니다.
  (소스 파일 'main.cpp'을(를) 컴파일하는 중)
  
C:\Users\User\Desktop\Code\protobuf-main\src\google\protobuf\map.h(681,49): warning C4267: 'return': 'size_t'에서 'google::protobuf::internal::map_index_t'(으)로 변환하면서 데이터가 손실될 수 있습니다.
  (소스 파일 'main.cpp'을(를) 컴파일하는 중)
  
C:\Users\User\Desktop\Code\protobuf-main\src\google\protobuf\map.h(685,16): warning C4244: '인수': 'uintptr_t'에서 'uint32_t'(으)로 변환하면서 데이터가 손실될 수 있습니다.
  (소스 파일 'main.cpp'을(를) 컴파일하는 중)
  
C:\Program Files\hiredis\include\hiredis\sds.h(55,10): warning C4200: 비표준 확장이 사용됨: 구조체/공용 구조체의 배열 크기가 0입니다.
  (소스 파일 'main.cpp'을(를) 컴파일하는 중)
      C:\Program Files\hiredis\include\hiredis\sds.h(55,10):
      이 멤버는 기본값으로 설정된 생성자 또는 복사/이동 대입 연산자에서 무시됩니다.
  
C:\Program Files\hiredis\include\hiredis\sds.h(61,10): warning C4200: 비표준 확장이 사용됨: 구조체/공용 구조체의 배열 크기가 0입니다.
  (소스 파일 'main.cpp'을(를) 컴파일하는 중)
      C:\Program Files\hiredis\include\hiredis\sds.h(61,10):
      이 멤버는 기본값으로 설정된 생성자 또는 복사/이동 대입 연산자에서 무시됩니다.
  
C:\Program Files\hiredis\include\hiredis\sds.h(67,10): warning C4200: 비표준 확장이 사용됨: 구조체/공용 구조체의 배열 크기가 0입니다.
  (소스 파일 'main.cpp'을(를) 컴파일하는 중)
      C:\Program Files\hiredis\include\hiredis\sds.h(67,10):
      이 멤버는 기본값으로 설정된 생성자 또는 복사/이동 대입 연산자에서 무시됩니다.
  
C:\Program Files\hiredis\include\hiredis\sds.h(73,10): warning C4200: 비표준 확장이 사용됨: 구조체/공용 구조체의 배열 크기가 0입니다.
  (소스 파일 'main.cpp'을(를) 컴파일하는 중)
      C:\Program Files\hiredis\include\hiredis\sds.h(73,10):
      이 멤버는 기본값으로 설정된 생성자 또는 복사/이동 대입 연산자에서 무시됩니다.
  
C:\Program Files\hiredis\include\hiredis\sds.h(79,10): warning C4200: 비표준 확장이 사용됨: 구조체/공용 구조체의 배열 크기가 0입니다.
  (소스 파일 'main.cpp'을(를) 컴파일하는 중)
      C:\Program Files\hiredis\include\hiredis\sds.h(79,10):
      이 멤버는 기본값으로 설정된 생성자 또는 복사/이동 대입 연산자에서 무시됩니다.
  
C:\unity\iocp_chatting_server_practice\vcpkg\installed\x64-windows\include\absl\log\internal\check_op.h(480,1): warning C4018: '>=': signed 또는 unsigned가 일치하지 않습니다.
  (소스 파일 'main.cpp'을(를) 컴파일하는 중)
      C:\unity\iocp_chatting_server_practice\vcpkg\installed\x64-windows\include\absl\log\internal\check_op.h(480,1):
      템플릿 인스턴스화 컨텍스트(가장 오래된 인스턴스화 컨텍스트)가
          C:\Users\User\Desktop\Code\protobuf-main\src\google\protobuf\micro_string.h(78,7):
          컴파일되는 함수 템플릿 인스턴스화 'const char *absl::lts_20250814::log_internal::Check_GEImpl<unsigned int,T>(const T1 &,const T2 &,const char *)'에 대한 참조를 확인하세요.
          with
          [
              T=google::protobuf::internal::MicroString::LargeRepKind,
              T1=unsigned int,
              T2=google::protobuf::internal::MicroString::LargeRepKind
          ]
  
  Persistence.cpp
C:\unity\iocp_chatting_server_practice\vcpkg\installed\x64-windows\include\absl\base\nullability.h(1,1): warning C4819: 현재 코드 페이지(949)에서 표시할 수 없는 문자가 파일에 들어 있습니다. 데이터가 손실되지 않게 하려면 해당 파일을 유니코드 형식으로 저장하십시오.
  (소스 파일 'Persistence.cpp'을(를) 컴파일하는 중)
  
C:\Users\User\Desktop\Code\protobuf-main\src\google\protobuf\micro_string.h(84,25): warning C4267: '=': 'size_t'에서 'uint32_t'(으)로 변환하면서 데이터가 손실될 수 있습니다.
  (소스 파일 'Persistence.cpp'을(를) 컴파일하는 중)
  
C:\Users\User\Desktop\Code\protobuf-main\src\google\protobuf\micro_string.h(89,20): warning C4267: '=': 'size_t'에서 'uint32_t'(으)로 변환하면서 데이터가 손실될 수 있습니다.
  (소스 파일 'Persistence.cpp'을(를) 컴파일하는 중)
  
C:\Users\User\Desktop\Code\protobuf-main\src\google\protobuf\micro_string.h(97,14): warning C4267: '=': 'size_t'에서 'uint32_t'(으)로 변환하면서 데이터가 손실될 수 있습니다.
  (소스 파일 'Persistence.cpp'을(를) 컴파일하는 중)
  
C:\Users\User\Desktop\Code\protobuf-main\src\google\protobuf\repeated_ptr_field.h(1962,32): warning C4267: '인수': 'size_t'에서 'int'(으)로 변환하면서 데이터가 손실될 수 있습니다.
  (소스 파일 'Persistence.cpp'을(를) 컴파일하는 중)
  
C:\Users\User\Desktop\Code\protobuf-main\src\google\protobuf\repeated_ptr_field.h(1967,54): warning C4267: '인수': 'size_t'에서 'int'(으)로 변환하면서 데이터가 손실될 수 있습니다.
  (소스 파일 'Persistence.cpp'을(를) 컴파일하는 중)
  
C:\Users\User\Desktop\Code\protobuf-main\src\google\protobuf\repeated_ptr_field.h(1971,54): warning C4267: '인수': 'size_t'에서 'int'(으)로 변환하면서 데이터가 손실될 수 있습니다.
  (소스 파일 'Persistence.cpp'을(를) 컴파일하는 중)
  
C:\Users\User\Desktop\Code\protobuf-main\src\google\protobuf\map.h(678,22): warning C4267: 'return': 'size_t'에서 'google::protobuf::internal::map_index_t'(으)로 변환하면서 데이터가 손실될 수 있습니다.
  (소스 파일 'Persistence.cpp'을(를) 컴파일하는 중)
  
C:\Users\User\Desktop\Code\protobuf-main\src\google\protobuf\map.h(681,49): warning C4267: 'return': 'size_t'에서 'google::protobuf::internal::map_index_t'(으)로 변환하면서 데이터가 손실될 수 있습니다.
  (소스 파일 'Persistence.cpp'을(를) 컴파일하는 중)
  
C:\Users\User\Desktop\Code\protobuf-main\src\google\protobuf\map.h(685,16): warning C4244: '인수': 'uintptr_t'에서 'uint32_t'(으)로 변환하면서 데이터가 손실될 수 있습니다.
  (소스 파일 'Persistence.cpp'을(를) 컴파일하는 중)
  
C:\Program Files\hiredis\include\hiredis\sds.h(55,10): warning C4200: 비표준 확장이 사용됨: 구조체/공용 구조체의 배열 크기가 0입니다.
  (소스 파일 'Persistence.cpp'을(를) 컴파일하는 중)
      C:\Program Files\hiredis\include\hiredis\sds.h(55,10):
      이 멤버는 기본값으로 설정된 생성자 또는 복사/이동 대입 연산자에서 무시됩니다.
  
C:\Program Files\hiredis\include\hiredis\sds.h(61,10): warning C4200: 비표준 확장이 사용됨: 구조체/공용 구조체의 배열 크기가 0입니다.
  (소스 파일 'Persistence.cpp'을(를) 컴파일하는 중)
      C:\Program Files\hiredis\include\hiredis\sds.h(61,10):
      이 멤버는 기본값으로 설정된 생성자 또는 복사/이동 대입 연산자에서 무시됩니다.
  
C:\Program Files\hiredis\include\hiredis\sds.h(67,10): warning C4200: 비표준 확장이 사용됨: 구조체/공용 구조체의 배열 크기가 0입니다.
  (소스 파일 'Persistence.cpp'을(를) 컴파일하는 중)
      C:\Program Files\hiredis\include\hiredis\sds.h(67,10):
      이 멤버는 기본값으로 설정된 생성자 또는 복사/이동 대입 연산자에서 무시됩니다.
  
C:\Program Files\hiredis\include\hiredis\sds.h(73,10): warning C4200: 비표준 확장이 사용됨: 구조체/공용 구조체의 배열 크기가 0입니다.
  (소스 파일 'Persistence.cpp'을(를) 컴파일하는 중)
      C:\Program Files\hiredis\include\hiredis\sds.h(73,10):
      이 멤버는 기본값으로 설정된 생성자 또는 복사/이동 대입 연산자에서 무시됩니다.
  
C:\Program Files\hiredis\include\hiredis\sds.h(79,10): warning C4200: 비표준 확장이 사용됨: 구조체/공용 구조체의 배열 크기가 0입니다.
  (소스 파일 'Persistence.cpp'을(를) 컴파일하는 중)
      C:\Program Files\hiredis\include\hiredis\sds.h(79,10):
      이 멤버는 기본값으로 설정된 생성자 또는 복사/이동 대입 연산자에서 무시됩니다.
  
C:\unity\iocp_chatting_server_practice\vcpkg\installed\x64-windows\include\absl\log\internal\check_op.h(480,1): warning C4018: '>=': signed 또는 unsigned가 일치하지 않습니다.
  (소스 파일 'Persistence.cpp'을(를) 컴파일하는 중)
      C:\unity\iocp_chatting_server_practice\vcpkg\installed\x64-windows\include\absl\log\internal\check_op.h(480,1):
      템플릿 인스턴스화 컨텍스트(가장 오래된 인스턴스화 컨텍스트)가
          C:\Users\User\Desktop\Code\protobuf-main\src\google\protobuf\micro_string.h(78,7):
          컴파일되는 함수 템플릿 인스턴스화 'const char *absl::lts_20250814::log_internal::Check_GEImpl<unsigned int,T>(const T1 &,const T2 &,const char *)'에 대한 참조를 확인하세요.
          with
          [
              T=google::protobuf::internal::MicroString::LargeRepKind,
              T1=unsigned int,
              T2=google::protobuf::internal::MicroString::LargeRepKind
          ]
  
  PlayerState.cpp
C:\unity\iocp_chatting_server_practice\vcpkg\installed\x64-windows\include\absl\base\nullability.h(1,1): warning C4819: 현재 코드 페이지(949)에서 표시할 수 없는 문자가 파일에 들어 있습니다. 데이터가 손실되지 않게 하려면 해당 파일을 유니코드 형식으로 저장하십시오.
  (소스 파일 'PlayerState.cpp'을(를) 컴파일하는 중)
  
C:\Users\User\Desktop\Code\protobuf-main\src\google\protobuf\micro_string.h(84,25): warning C4267: '=': 'size_t'에서 'uint32_t'(으)로 변환하면서 데이터가 손실될 수 있습니다.
  (소스 파일 'PlayerState.cpp'을(를) 컴파일하는 중)
  
C:\Users\User\Desktop\Code\protobuf-main\src\google\protobuf\micro_string.h(89,20): warning C4267: '=': 'size_t'에서 'uint32_t'(으)로 변환하면서 데이터가 손실될 수 있습니다.
  (소스 파일 'PlayerState.cpp'을(를) 컴파일하는 중)
  
C:\Users\User\Desktop\Code\protobuf-main\src\google\protobuf\micro_string.h(97,14): warning C4267: '=': 'size_t'에서 'uint32_t'(으)로 변환하면서 데이터가 손실될 수 있습니다.
  (소스 파일 'PlayerState.cpp'을(를) 컴파일하는 중)
  
C:\Users\User\Desktop\Code\protobuf-main\src\google\protobuf\repeated_ptr_field.h(1962,32): warning C4267: '인수': 'size_t'에서 'int'(으)로 변환하면서 데이터가 손실될 수 있습니다.
  (소스 파일 'PlayerState.cpp'을(를) 컴파일하는 중)
  
C:\Users\User\Desktop\Code\protobuf-main\src\google\protobuf\repeated_ptr_field.h(1967,54): warning C4267: '인수': 'size_t'에서 'int'(으)로 변환하면서 데이터가 손실될 수 있습니다.
  (소스 파일 'PlayerState.cpp'을(를) 컴파일하는 중)
  
C:\Users\User\Desktop\Code\protobuf-main\src\google\protobuf\repeated_ptr_field.h(1971,54): warning C4267: '인수': 'size_t'에서 'int'(으)로 변환하면서 데이터가 손실될 수 있습니다.
  (소스 파일 'PlayerState.cpp'을(를) 컴파일하는 중)
  
C:\Users\User\Desktop\Code\protobuf-main\src\google\protobuf\map.h(678,22): warning C4267: 'return': 'size_t'에서 'google::protobuf::internal::map_index_t'(으)로 변환하면서 데이터가 손실될 수 있습니다.
  (소스 파일 'PlayerState.cpp'을(를) 컴파일하는 중)
  
C:\Users\User\Desktop\Code\protobuf-main\src\google\protobuf\map.h(681,49): warning C4267: 'return': 'size_t'에서 'google::protobuf::internal::map_index_t'(으)로 변환하면서 데이터가 손실될 수 있습니다.
  (소스 파일 'PlayerState.cpp'을(를) 컴파일하는 중)
  
C:\Users\User\Desktop\Code\protobuf-main\src\google\protobuf\map.h(685,16): warning C4244: '인수': 'uintptr_t'에서 'uint32_t'(으)로 변환하면서 데이터가 손실될 수 있습니다.
  (소스 파일 'PlayerState.cpp'을(를) 컴파일하는 중)
  
C:\unity\iocp_chatting_server_practice\vcpkg\installed\x64-windows\include\absl\log\internal\check_op.h(480,1): warning C4018: '>=': signed 또는 unsigned가 일치하지 않습니다.
  (소스 파일 'PlayerState.cpp'을(를) 컴파일하는 중)
      C:\unity\iocp_chatting_server_practice\vcpkg\installed\x64-windows\include\absl\log\internal\check_op.h(480,1):
      템플릿 인스턴스화 컨텍스트(가장 오래된 인스턴스화 컨텍스트)가
          C:\Users\User\Desktop\Code\protobuf-main\src\google\protobuf\micro_string.h(78,7):
          컴파일되는 함수 템플릿 인스턴스화 'const char *absl::lts_20250814::log_internal::Check_GEImpl<unsigned int,T>(const T1 &,const T2 &,const char *)'에 대한 참조를 확인하세요.
          with
          [
              T=google::protobuf::internal::MicroString::LargeRepKind,
              T1=unsigned int,
              T2=google::protobuf::internal::MicroString::LargeRepKind
          ]
  
  Protocol.pb.cc
C:\unity\iocp_chatting_server_practice\vcpkg\installed\x64-windows\include\absl\base\nullability.h(1,1): warning C4819: 현재 코드 페이지(949)에서 표시할 수 없는 문자가 파일에 들어 있습니다. 데이터가 손실되지 않게 하려면 해당 파일을 유니코드 형식으로 저장하십시오.
  (소스 파일 'Protocol/Protocol.pb.cc'을(를) 컴파일하는 중)
  
C:\Users\User\Desktop\Code\protobuf-main\src\google\protobuf\micro_string.h(84,25): warning C4267: '=': 'size_t'에서 'uint32_t'(으)로 변환하면서 데이터가 손실될 수 있습니다.
  (소스 파일 'Protocol/Protocol.pb.cc'을(를) 컴파일하는 중)
  
C:\Users\User\Desktop\Code\protobuf-main\src\google\protobuf\micro_string.h(89,20): warning C4267: '=': 'size_t'에서 'uint32_t'(으)로 변환하면서 데이터가 손실될 수 있습니다.
  (소스 파일 'Protocol/Protocol.pb.cc'을(를) 컴파일하는 중)
  
C:\Users\User\Desktop\Code\protobuf-main\src\google\protobuf\micro_string.h(97,14): warning C4267: '=': 'size_t'에서 'uint32_t'(으)로 변환하면서 데이터가 손실될 수 있습니다.
  (소스 파일 'Protocol/Protocol.pb.cc'을(를) 컴파일하는 중)
  
C:\Users\User\Desktop\Code\protobuf-main\src\google\protobuf\repeated_ptr_field.h(1962,32): warning C4267: '인수': 'size_t'에서 'int'(으)로 변환하면서 데이터가 손실될 수 있습니다.
  (소스 파일 'Protocol/Protocol.pb.cc'을(를) 컴파일하는 중)
  
C:\Users\User\Desktop\Code\protobuf-main\src\google\protobuf\repeated_ptr_field.h(1967,54): warning C4267: '인수': 'size_t'에서 'int'(으)로 변환하면서 데이터가 손실될 수 있습니다.
  (소스 파일 'Protocol/Protocol.pb.cc'을(를) 컴파일하는 중)
  
C:\Users\User\Desktop\Code\protobuf-main\src\google\protobuf\repeated_ptr_field.h(1971,54): warning C4267: '인수': 'size_t'에서 'int'(으)로 변환하면서 데이터가 손실될 수 있습니다.
  (소스 파일 'Protocol/Protocol.pb.cc'을(를) 컴파일하는 중)
  
C:\Users\User\Desktop\Code\protobuf-main\src\google\protobuf\map.h(678,22): warning C4267: 'return': 'size_t'에서 'google::protobuf::internal::map_index_t'(으)로 변환하면서 데이터가 손실될 수 있습니다.
  (소스 파일 'Protocol/Protocol.pb.cc'을(를) 컴파일하는 중)
  
C:\Users\User\Desktop\Code\protobuf-main\src\google\protobuf\map.h(681,49): warning C4267: 'return': 'size_t'에서 'google::protobuf::internal::map_index_t'(으)로 변환하면서 데이터가 손실될 수 있습니다.
  (소스 파일 'Protocol/Protocol.pb.cc'을(를) 컴파일하는 중)
  
C:\Users\User\Desktop\Code\protobuf-main\src\google\protobuf\map.h(685,16): warning C4244: '인수': 'uintptr_t'에서 'uint32_t'(으)로 변환하면서 데이터가 손실될 수 있습니다.
  (소스 파일 'Protocol/Protocol.pb.cc'을(를) 컴파일하는 중)
  
C:\unity\iocp_chatting_server_practice\vcpkg\installed\x64-windows\include\absl\log\internal\check_op.h(480,1): warning C4018: '>=': signed 또는 unsigned가 일치하지 않습니다.
  (소스 파일 'Protocol/Protocol.pb.cc'을(를) 컴파일하는 중)
      C:\unity\iocp_chatting_server_practice\vcpkg\installed\x64-windows\include\absl\log\internal\check_op.h(480,1):
      템플릿 인스턴스화 컨텍스트(가장 오래된 인스턴스화 컨텍스트)가
          C:\Users\User\Desktop\Code\protobuf-main\src\google\protobuf\micro_string.h(78,7):
          컴파일되는 함수 템플릿 인스턴스화 'const char *absl::lts_20250814::log_internal::Check_GEImpl<unsigned int,T>(const T1 &,const T2 &,const char *)'에 대한 참조를 확인하세요.
          with
          [
              T=google::protobuf::internal::MicroString::LargeRepKind,
              T1=unsigned int,
              T2=google::protobuf::internal::MicroString::LargeRepKind
          ]
  
  RoomManager.cpp
C:\unity\iocp_chatting_server_practice\vcpkg\installed\x64-windows\include\absl\base\nullability.h(1,1): warning C4819: 현재 코드 페이지(949)에서 표시할 수 없는 문자가 파일에 들어 있습니다. 데이터가 손실되지 않게 하려면 해당 파일을 유니코드 형식으로 저장하십시오.
  (소스 파일 'RoomManager.cpp'을(를) 컴파일하는 중)
  
C:\Users\User\Desktop\Code\protobuf-main\src\google\protobuf\micro_string.h(84,25): warning C4267: '=': 'size_t'에서 'uint32_t'(으)로 변환하면서 데이터가 손실될 수 있습니다.
  (소스 파일 'RoomManager.cpp'을(를) 컴파일하는 중)
  
C:\Users\User\Desktop\Code\protobuf-main\src\google\protobuf\micro_string.h(89,20): warning C4267: '=': 'size_t'에서 'uint32_t'(으)로 변환하면서 데이터가 손실될 수 있습니다.
  (소스 파일 'RoomManager.cpp'을(를) 컴파일하는 중)
  
C:\Users\User\Desktop\Code\protobuf-main\src\google\protobuf\micro_string.h(97,14): warning C4267: '=': 'size_t'에서 'uint32_t'(으)로 변환하면서 데이터가 손실될 수 있습니다.
  (소스 파일 'RoomManager.cpp'을(를) 컴파일하는 중)
  
C:\Users\User\Desktop\Code\protobuf-main\src\google\protobuf\repeated_ptr_field.h(1962,32): warning C4267: '인수': 'size_t'에서 'int'(으)로 변환하면서 데이터가 손실될 수 있습니다.
  (소스 파일 'RoomManager.cpp'을(를) 컴파일하는 중)
  
C:\Users\User\Desktop\Code\protobuf-main\src\google\protobuf\repeated_ptr_field.h(1967,54): warning C4267: '인수': 'size_t'에서 'int'(으)로 변환하면서 데이터가 손실될 수 있습니다.
  (소스 파일 'RoomManager.cpp'을(를) 컴파일하는 중)
  
C:\Users\User\Desktop\Code\protobuf-main\src\google\protobuf\repeated_ptr_field.h(1971,54): warning C4267: '인수': 'size_t'에서 'int'(으)로 변환하면서 데이터가 손실될 수 있습니다.
  (소스 파일 'RoomManager.cpp'을(를) 컴파일하는 중)
  
C:\Users\User\Desktop\Code\protobuf-main\src\google\protobuf\map.h(678,22): warning C4267: 'return': 'size_t'에서 'google::protobuf::internal::map_index_t'(으)로 변환하면서 데이터가 손실될 수 있습니다.
  (소스 파일 'RoomManager.cpp'을(를) 컴파일하는 중)
  
C:\Users\User\Desktop\Code\protobuf-main\src\google\protobuf\map.h(681,49): warning C4267: 'return': 'size_t'에서 'google::protobuf::internal::map_index_t'(으)로 변환하면서 데이터가 손실될 수 있습니다.
  (소스 파일 'RoomManager.cpp'을(를) 컴파일하는 중)
  
C:\Users\User\Desktop\Code\protobuf-main\src\google\protobuf\map.h(685,16): warning C4244: '인수': 'uintptr_t'에서 'uint32_t'(으)로 변환하면서 데이터가 손실될 수 있습니다.
  (소스 파일 'RoomManager.cpp'을(를) 컴파일하는 중)
  
C:\Program Files\hiredis\include\hiredis\sds.h(55,10): warning C4200: 비표준 확장이 사용됨: 구조체/공용 구조체의 배열 크기가 0입니다.
  (소스 파일 'RoomManager.cpp'을(를) 컴파일하는 중)
      C:\Program Files\hiredis\include\hiredis\sds.h(55,10):
      이 멤버는 기본값으로 설정된 생성자 또는 복사/이동 대입 연산자에서 무시됩니다.
  
C:\Program Files\hiredis\include\hiredis\sds.h(61,10): warning C4200: 비표준 확장이 사용됨: 구조체/공용 구조체의 배열 크기가 0입니다.
  (소스 파일 'RoomManager.cpp'을(를) 컴파일하는 중)
      C:\Program Files\hiredis\include\hiredis\sds.h(61,10):
      이 멤버는 기본값으로 설정된 생성자 또는 복사/이동 대입 연산자에서 무시됩니다.
  
C:\Program Files\hiredis\include\hiredis\sds.h(67,10): warning C4200: 비표준 확장이 사용됨: 구조체/공용 구조체의 배열 크기가 0입니다.
  (소스 파일 'RoomManager.cpp'을(를) 컴파일하는 중)
      C:\Program Files\hiredis\include\hiredis\sds.h(67,10):
      이 멤버는 기본값으로 설정된 생성자 또는 복사/이동 대입 연산자에서 무시됩니다.
  
C:\Program Files\hiredis\include\hiredis\sds.h(73,10): warning C4200: 비표준 확장이 사용됨: 구조체/공용 구조체의 배열 크기가 0입니다.
  (소스 파일 'RoomManager.cpp'을(를) 컴파일하는 중)
      C:\Program Files\hiredis\include\hiredis\sds.h(73,10):
      이 멤버는 기본값으로 설정된 생성자 또는 복사/이동 대입 연산자에서 무시됩니다.
  
C:\Program Files\hiredis\include\hiredis\sds.h(79,10): warning C4200: 비표준 확장이 사용됨: 구조체/공용 구조체의 배열 크기가 0입니다.
  (소스 파일 'RoomManager.cpp'을(를) 컴파일하는 중)
      C:\Program Files\hiredis\include\hiredis\sds.h(79,10):
      이 멤버는 기본값으로 설정된 생성자 또는 복사/이동 대입 연산자에서 무시됩니다.
  
C:\unity\iocp_chatting_server_practice\vcpkg\installed\x64-windows\include\absl\log\internal\check_op.h(480,1): warning C4018: '>=': signed 또는 unsigned가 일치하지 않습니다.
  (소스 파일 'RoomManager.cpp'을(를) 컴파일하는 중)
      C:\unity\iocp_chatting_server_practice\vcpkg\installed\x64-windows\include\absl\log\internal\check_op.h(480,1):
      템플릿 인스턴스화 컨텍스트(가장 오래된 인스턴스화 컨텍스트)가
          C:\Users\User\Desktop\Code\protobuf-main\src\google\protobuf\micro_string.h(78,7):
          컴파일되는 함수 템플릿 인스턴스화 'const char *absl::lts_20250814::log_internal::Check_GEImpl<unsigned int,T>(const T1 &,const T2 &,const char *)'에 대한 참조를 확인하세요.
          with
          [
              T=google::protobuf::internal::MicroString::LargeRepKind,
              T1=unsigned int,
              T2=google::protobuf::internal::MicroString::LargeRepKind
          ]
  
  Server.cpp
C:\unity\iocp_chatting_server_practice\vcpkg\installed\x64-windows\include\absl\base\nullability.h(1,1): warning C4819: 현재 코드 페이지(949)에서 표시할 수 없는 문자가 파일에 들어 있습니다. 데이터가 손실되지 않게 하려면 해당 파일을 유니코드 형식으로 저장하십시오.
  (소스 파일 'Server.cpp'을(를) 컴파일하는 중)
  
C:\Users\User\Desktop\Code\protobuf-main\src\google\protobuf\micro_string.h(84,25): warning C4267: '=': 'size_t'에서 'uint32_t'(으)로 변환하면서 데이터가 손실될 수 있습니다.
  (소스 파일 'Server.cpp'을(를) 컴파일하는 중)
  
C:\Users\User\Desktop\Code\protobuf-main\src\google\protobuf\micro_string.h(89,20): warning C4267: '=': 'size_t'에서 'uint32_t'(으)로 변환하면서 데이터가 손실될 수 있습니다.
  (소스 파일 'Server.cpp'을(를) 컴파일하는 중)
  
C:\Users\User\Desktop\Code\protobuf-main\src\google\protobuf\micro_string.h(97,14): warning C4267: '=': 'size_t'에서 'uint32_t'(으)로 변환하면서 데이터가 손실될 수 있습니다.
  (소스 파일 'Server.cpp'을(를) 컴파일하는 중)
  
C:\Users\User\Desktop\Code\protobuf-main\src\google\protobuf\repeated_ptr_field.h(1962,32): warning C4267: '인수': 'size_t'에서 'int'(으)로 변환하면서 데이터가 손실될 수 있습니다.
  (소스 파일 'Server.cpp'을(를) 컴파일하는 중)
  
C:\Users\User\Desktop\Code\protobuf-main\src\google\protobuf\repeated_ptr_field.h(1967,54): warning C4267: '인수': 'size_t'에서 'int'(으)로 변환하면서 데이터가 손실될 수 있습니다.
  (소스 파일 'Server.cpp'을(를) 컴파일하는 중)
  
C:\Users\User\Desktop\Code\protobuf-main\src\google\protobuf\repeated_ptr_field.h(1971,54): warning C4267: '인수': 'size_t'에서 'int'(으)로 변환하면서 데이터가 손실될 수 있습니다.
  (소스 파일 'Server.cpp'을(를) 컴파일하는 중)
  
C:\Users\User\Desktop\Code\protobuf-main\src\google\protobuf\map.h(678,22): warning C4267: 'return': 'size_t'에서 'google::protobuf::internal::map_index_t'(으)로 변환하면서 데이터가 손실될 수 있습니다.
  (소스 파일 'Server.cpp'을(를) 컴파일하는 중)
  
C:\Users\User\Desktop\Code\protobuf-main\src\google\protobuf\map.h(681,49): warning C4267: 'return': 'size_t'에서 'google::protobuf::internal::map_index_t'(으)로 변환하면서 데이터가 손실될 수 있습니다.
  (소스 파일 'Server.cpp'을(를) 컴파일하는 중)
  
C:\Users\User\Desktop\Code\protobuf-main\src\google\protobuf\map.h(685,16): warning C4244: '인수': 'uintptr_t'에서 'uint32_t'(으)로 변환하면서 데이터가 손실될 수 있습니다.
  (소스 파일 'Server.cpp'을(를) 컴파일하는 중)
  
C:\Program Files\hiredis\include\hiredis\sds.h(55,10): warning C4200: 비표준 확장이 사용됨: 구조체/공용 구조체의 배열 크기가 0입니다.
  (소스 파일 'Server.cpp'을(를) 컴파일하는 중)
      C:\Program Files\hiredis\include\hiredis\sds.h(55,10):
      이 멤버는 기본값으로 설정된 생성자 또는 복사/이동 대입 연산자에서 무시됩니다.
  
C:\Program Files\hiredis\include\hiredis\sds.h(61,10): warning C4200: 비표준 확장이 사용됨: 구조체/공용 구조체의 배열 크기가 0입니다.
  (소스 파일 'Server.cpp'을(를) 컴파일하는 중)
      C:\Program Files\hiredis\include\hiredis\sds.h(61,10):
      이 멤버는 기본값으로 설정된 생성자 또는 복사/이동 대입 연산자에서 무시됩니다.
  
C:\Program Files\hiredis\include\hiredis\sds.h(67,10): warning C4200: 비표준 확장이 사용됨: 구조체/공용 구조체의 배열 크기가 0입니다.
  (소스 파일 'Server.cpp'을(를) 컴파일하는 중)
      C:\Program Files\hiredis\include\hiredis\sds.h(67,10):
      이 멤버는 기본값으로 설정된 생성자 또는 복사/이동 대입 연산자에서 무시됩니다.
  
C:\Program Files\hiredis\include\hiredis\sds.h(73,10): warning C4200: 비표준 확장이 사용됨: 구조체/공용 구조체의 배열 크기가 0입니다.
  (소스 파일 'Server.cpp'을(를) 컴파일하는 중)
      C:\Program Files\hiredis\include\hiredis\sds.h(73,10):
      이 멤버는 기본값으로 설정된 생성자 또는 복사/이동 대입 연산자에서 무시됩니다.
  
C:\Program Files\hiredis\include\hiredis\sds.h(79,10): warning C4200: 비표준 확장이 사용됨: 구조체/공용 구조체의 배열 크기가 0입니다.
  (소스 파일 'Server.cpp'을(를) 컴파일하는 중)
      C:\Program Files\hiredis\include\hiredis\sds.h(79,10):
      이 멤버는 기본값으로 설정된 생성자 또는 복사/이동 대입 연산자에서 무시됩니다.
  
C:\unity\iocp_chatting_server_practice\vcpkg\installed\x64-windows\include\absl\log\internal\check_op.h(480,1): warning C4018: '>=': signed 또는 unsigned가 일치하지 않습니다.
  (소스 파일 'Server.cpp'을(를) 컴파일하는 중)
      C:\unity\iocp_chatting_server_practice\vcpkg\installed\x64-windows\include\absl\log\internal\check_op.h(480,1):
      템플릿 인스턴스화 컨텍스트(가장 오래된 인스턴스화 컨텍스트)가
          C:\Users\User\Desktop\Code\protobuf-main\src\google\protobuf\micro_string.h(78,7):
          컴파일되는 함수 템플릿 인스턴스화 'const char *absl::lts_20250814::log_internal::Check_GEImpl<unsigned int,T>(const T1 &,const T2 &,const char *)'에 대한 참조를 확인하세요.
          with
          [
              T=google::protobuf::internal::MicroString::LargeRepKind,
              T1=unsigned int,
              T2=google::protobuf::internal::MicroString::LargeRepKind
          ]
  
  코드를 생성하고 있습니다...
GameRoom.obj : error LNK2019: "private: void * * __cdecl google::protobuf::internal::RepeatedPtrFieldBase::InternalExtend(int,class google::protobuf::Arena *)" (?InternalExtend@RepeatedPtrFieldBase@internal@protobuf@google@@AEAAPEAPEAXHPEAVArena@34@@Z)"private: void * __cdecl google::protobuf::internal::RepeatedPtrFieldBase::AddInternal(class google::protobuf::Arena *,class absl::lts_20250814::FunctionRef<void __cdecl(class google::protobuf::Arena *,void * &)>)" (?AddInternal@RepeatedPtrFieldBase@internal@protobuf@google@@AEAAPEAXPEAVArena@34@V?$FunctionRef@$$A6AXPEAVArena@protobuf@google@@AEAPEAX@Z@lts_20250814@absl@@@Z) 함수에서 참조되는 확인할 수 없는 외부 기호
Persistence.obj : error LNK2019: "__declspec(dllimport) void __cdecl check(class std::basic_string<char,struct std::char_traits<char>,class std::allocator<char> > const &)" (__imp_?check@@YAXAEBV?$basic_string@DU?$char_traits@D@std@@V?$allocator@D@2@@std@@@Z)"void __cdecl check_lib(void)" (?check_lib@@YAXXZ) 함수에서 참조되는 확인할 수 없는 외부 기호
Persistence.obj : error LNK2019: "__declspec(dllimport) void __cdecl check(class std::map<class std::basic_string<char,struct std::char_traits<char>,class std::allocator<char> >,class std::basic_string<char,struct std::char_traits<char>,class std::allocator<char> >,struct std::less<class std::basic_string<char,struct std::char_traits<char>,class std::allocator<char> > >,class std::allocator<struct std::pair<class std::basic_string<char,struct std::char_traits<char>,class std::allocator<char> > const ,class std::basic_string<char,struct std::char_traits<char>,class std::allocator<char> > > > > const &)" (__imp_?check@@YAXAEBV?$map@V?$basic_string@DU?$char_traits@D@std@@V?$allocator@D@2@@std@@V12@U?$less@V?$basic_string@DU?$char_traits@D@std@@V?$allocator@D@2@@std@@@2@V?$allocator@U?$pair@$$CBV?$basic_string@DU?$char_traits@D@std@@V?$allocator@D@2@@std@@V12@@std@@@2@@std@@@Z)"void __cdecl check_lib(void)" (?check_lib@@YAXXZ) 함수에서 참조되는 확인할 수 없는 외부 기호
Persistence.obj : error LNK2019: "__declspec(dllimport) class sql::mysql::MySQL_Driver * __cdecl sql::mysql::_get_driver_instance_by_name(char const * const)" (__imp_?_get_driver_instance_by_name@mysql@sql@@YAPEAVMySQL_Driver@12@QEBD@Z)"class sql::mysql::MySQL_Driver * __cdecl sql::mysql::get_driver_instance_by_name(char const * const)" (?get_driver_instance_by_name@mysql@sql@@YAPEAVMySQL_Driver@12@QEBD@Z) 함수에서 참조되는 확인할 수 없는 외부 기호
Persistence.obj : error LNK2019: freeReplyObject"private: void __cdecl Persistence::ProcessSaveChat(class sql::Connection *,struct redisContext *,struct PersistenceRequest const &)" (?ProcessSaveChat@Persistence@@AEAAXPEAVConnection@sql@@PEAUredisContext@@AEBUPersistenceRequest@@@Z) 함수에서 참조되는 확인할 수 없는 외부 기호
Persistence.obj : error LNK2019: redisConnect"public: bool __cdecl Persistence::Initialize(class std::basic_string<char,struct std::char_traits<char>,class std::allocator<char> > const &,class std::basic_string<char,struct std::char_traits<char>,class std::allocator<char> > const &,class std::basic_string<char,struct std::char_traits<char>,class std::allocator<char> > const &,class std::basic_string<char,struct std::char_traits<char>,class std::allocator<char> > const &,int)" (?Initialize@Persistence@@QEAA_NAEBV?$basic_string@DU?$char_traits@D@std@@V?$allocator@D@2@@std@@000H@Z) 함수에서 참조되는 확인할 수 없는 외부 기호
Persistence.obj : error LNK2019: redisFree"public: bool __cdecl Persistence::Initialize(class std::basic_string<char,struct std::char_traits<char>,class std::allocator<char> > const &,class std::basic_string<char,struct std::char_traits<char>,class std::allocator<char> > const &,class std::basic_string<char,struct std::char_traits<char>,class std::allocator<char> > const &,class std::basic_string<char,struct std::char_traits<char>,class std::allocator<char> > const &,int)" (?Initialize@Persistence@@QEAA_NAEBV?$basic_string@DU?$char_traits@D@std@@V?$allocator@D@2@@std@@000H@Z) 함수에서 참조되는 확인할 수 없는 외부 기호
Persistence.obj : error LNK2019: redisCommand"private: void __cdecl Persistence::ProcessSaveChat(class sql::Connection *,struct redisContext *,struct PersistenceRequest const &)" (?ProcessSaveChat@Persistence@@AEAAXPEAVConnection@sql@@PEAUredisContext@@AEBUPersistenceRequest@@@Z) 함수에서 참조되는 확인할 수 없는 외부 기호
Protocol.pb.obj : error LNK2001: 확인할 수 없는 외부 기호 "class google::protobuf::internal::GlobalEmptyStringDynamicInit google::protobuf::internal::fixed_address_empty_string" (?fixed_address_empty_string@internal@protobuf@google@@3VGlobalEmptyStringDynamicInit@123@A)
Protocol.pb.obj : error LNK2001: 확인할 수 없는 외부 기호 "protected: static struct google::protobuf::internal::DescriptorMethods const google::protobuf::Message::kDescriptorMethods" (?kDescriptorMethods@Message@protobuf@google@@1UDescriptorMethods@internal@23@B)
Protocol.pb.obj : error LNK2019: "private: unsigned char * __cdecl google::protobuf::io::EpsCopyOutputStream::WriteStringMaybeAliasedOutline(unsigned int,class std::basic_string_view<char,struct std::char_traits<char> >,unsigned char *)" (?WriteStringMaybeAliasedOutline@EpsCopyOutputStream@io@protobuf@google@@AEAAPEAEIV?$basic_string_view@DU?$char_traits@D@std@@@std@@PEAE@Z)"public: unsigned char * __cdecl google::protobuf::io::EpsCopyOutputStream::WriteStringMaybeAliased(unsigned int,class std::basic_string_view<char,struct std::char_traits<char> >,unsigned char *)" (?WriteStringMaybeAliased@EpsCopyOutputStream@io@protobuf@google@@QEAAPEAEIV?$basic_string_view@DU?$char_traits@D@std@@@std@@PEAE@Z) 함수에서 참조되는 확인할 수 없는 외부 기호
Protocol.pb.obj : error LNK2019: "protected: void __cdecl google::protobuf::MessageLite::CheckHasBitConsistency(void)const " (?CheckHasBitConsistency@MessageLite@protobuf@google@@IEBAXXZ)"private: static void __cdecl Protocol::Vector2::MergeImpl(class google::protobuf::MessageLite &,class google::protobuf::MessageLite const &)" (?MergeImpl@Vector2@Protocol@@CAXAEAVMessageLite@protobuf@google@@AEBV345@@Z) 함수에서 참조되는 확인할 수 없는 외부 기호
Protocol.pb.obj : error LNK2019: "private: void __cdecl google::protobuf::internal::RepeatedPtrFieldBase::MergeFromConcreteMessage(class google::protobuf::internal::RepeatedPtrFieldBase const &,class google::protobuf::Arena *,void * (__cdecl*)(class google::protobuf::Arena *,void const *))" (?MergeFromConcreteMessage@RepeatedPtrFieldBase@internal@protobuf@google@@AEAAXAEBV1234@PEAVArena@34@P6APEAX1PEBX@Z@Z)"public: void __cdecl google::protobuf::internal::RepeatedPtrFieldBase::MergeFrom<class Protocol::PlayerSnapshot>(class google::protobuf::internal::RepeatedPtrFieldBase const &,class google::protobuf::Arena *)" (??$MergeFrom@VPlayerSnapshot@Protocol@@@RepeatedPtrFieldBase@internal@protobuf@google@@QEAAXAEBV0123@PEAVArena@23@@Z) 함수에서 참조되는 확인할 수 없는 외부 기호
Protocol.pb.obj : error LNK2001: 확인할 수 없는 외부 기호 "private: static struct google::protobuf::internal::ThreadSafeArena::ThreadCache google::protobuf::internal::ThreadSafeArena::thread_cache_" (?thread_cache_@ThreadSafeArena@internal@protobuf@google@@0UThreadCache@1234@A)
C:\unity\iocp_chatting_server_practice\server\x64\Debug\iocp_chatting_server_practice.exe : fatal error LNK1120: 14개의 확인할 수 없는 외부 참조입니다.
