c:\unity\iocp_chatting_server_practice\server\iocp_cha.8bb1b05d\x64\debug\vc143.pdb
c:\unity\iocp_chatting_server_practice\server\iocp_cha.8bb1b05d\x64\debug\vc143.idb
c:\unity\iocp_chatting_server_practice\server\iocp_cha.8bb1b05d\x64\debug\server.obj
c:\unity\iocp_chatting_server_practice\server\iocp_cha.8bb1b05d\x64\debug\roommanager.obj
c:\unity\iocp_chatting_server_practice\server\iocp_cha.8bb1b05d\x64\debug\protocol.pb.obj
c:\unity\iocp_chatting_server_practice\server\iocp_cha.8bb1b05d\x64\debug\playerstate.obj
c:\unity\iocp_chatting_server_practice\server\iocp_cha.8bb1b05d\x64\debug\persistence.obj
c:\unity\iocp_chatting_server_practice\server\iocp_cha.8bb1b05d\x64\debug\main.obj
c:\unity\iocp_chatting_server_practice\server\iocp_cha.8bb1b05d\x64\debug\iocpworker.obj
c:\unity\iocp_chatting_server_practice\server\iocp_cha.8bb1b05d\x64\debug\gameroom.obj
c:\unity\iocp_chatting_server_practice\server\iocp_cha.8bb1b05d\x64\debug\gamelogic.obj
c:\unity\iocp_chatting_server_practice\server\iocp_cha.8bb1b05d\x64\debug\command.obj
c:\unity\iocp_chatting_server_practice\server\iocp_cha.8bb1b05d\x64\debug\clientsession.obj
c:\unity\iocp_chatting_server_practice\server\x64\debug\iocp_chatting_server_practice.pdb
c:\unity\iocp_chatting_server_practice\server\iocp_cha.8bb1b05d\x64\debug\iocp_cha.8bb1b05d.tlog\cl.command.1.tlog
c:\unity\iocp_chatting_server_practice\server\iocp_cha.8bb1b05d\x64\debug\iocp_cha.8bb1b05d.tlog\cl.read.1.tlog
c:\unity\iocp_chatting_server_practice\server\iocp_cha.8bb1b05d\x64\debug\iocp_cha.8bb1b05d.tlog\cl.write.1.tlog
c:\unity\iocp_chatting_server_practice\server\iocp_cha.8bb1b05d\x64\debug\iocp_cha.8bb1b05d.tlog\link-cvtres.read.1.tlog
c:\unity\iocp_chatting_server_practice\server\iocp_cha.8bb1b05d\x64\debug\iocp_cha.8bb1b05d.tlog\link-cvtres.write.1.tlog
c:\unity\iocp_chatting_server_practice\server\iocp_cha.8bb1b05d\x64\debug\iocp_cha.8bb1b05d.tlog\link-rc.read.1.tlog
c:\unity\iocp_chatting_server_practice\server\iocp_cha.8bb1b05d\x64\debug\iocp_cha.8bb1b05d.tlog\link-rc.write.1.tlog
c:\unity\iocp_chatting_server_practice\server\iocp_cha.8bb1b05d\x64\debug\iocp_cha.8bb1b05d.tlog\link.command.1.tlog
c:\unity\iocp_chatting_server_practice\server\iocp_cha.8bb1b05d\x64\debug\iocp_cha.8bb1b05d.tlog\link.read.1.tlog
c:\unity\iocp_chatting_server_practice\server\iocp_cha.8bb1b05d\x64\debug\iocp_cha.8bb1b05d.tlog\link.read.2.tlog
c:\unity\iocp_chatting_server_practice\server\iocp_cha.8bb1b05d\x64\debug\iocp_cha.8bb1b05d.tlog\link.write.1.tlog
